<?xml version='1.0' encoding='UTF-8'?>
<testsuite hostname="dfurman" name="LinkTrackerSpec" tests="4" errors="0" failures="0" skipped="0" time="0.021" timestamp="2020-12-18T18:44:54">
                     <properties>
[...]
</properties>
                     <testcase classname="LinkTrackerSpec" name="should count the total unique img/a paths in a document" time="0.017">
                                                 
                                               </testcase><testcase classname="LinkTrackerSpec" name="should provide a set of encoded paths for a document as a map of encoding id to path" time="0.001">
                                                 
                                               </testcase><testcase classname="LinkTrackerSpec" name="should provide a string version of the document with all img/a paths encoded" time="0.002">
                                                 
                                               </testcase><testcase classname="LinkTrackerSpec" name="should a transformation without rule should return the same XML structure" time="0.001">
                                                 
                                               </testcase>
                     <system-out><![CDATA[]]></system-out>
                     <system-err><![CDATA[]]></system-err>
                   </testsuite>